<?xml version='1.0' encoding='UTF-8'?>
<testsuite hostname="Work-PC" name="ChainApiTest" tests="3" errors="0" failures="1" skipped="0" time="2.018">
                     <properties>
[...]
</properties>
                     <testcase classname="ChainApiTest" name="ChainAPI should be able to get block info" time="1.483">
                                                 
                                               </testcase><testcase classname="ChainApiTest" name="ChainAPI should be able to get a block" time="0.267">
                                                 
                                               </testcase><testcase classname="ChainApiTest" name="ChainAPI should be able to get an account" time="0.268">
                                                 <failure message="None was empty" type="org.scalatest.exceptions.TestFailedException">org.scalatest.exceptions.TestFailedException: None was empty
	at org.scalatest.Assertions.newAssertionFailedException(Assertions.scala:528)
	at org.scalatest.Assertions.newAssertionFailedException$(Assertions.scala:527)
	at TestingHelpers$.newAssertionFailedException(TestingHelpers.scala:9)
	at org.scalatest.Assertions$AssertionsHelper.macroAssert(Assertions.scala:501)
	at TestingHelpers$.assertNonEmptyJsonResponseWithLogger(TestingHelpers.scala:24)
	at ChainApiTest.$anonfun$new$6(ChainApiTest.scala:11)
	at scala.util.Success.$anonfun$map$1(Try.scala:251)
	at scala.util.Success.map(Try.scala:209)
	at scala.concurrent.Future.$anonfun$map$1(Future.scala:289)
	at scala.concurrent.impl.Promise.liftedTree1$1(Promise.scala:29)
	at scala.concurrent.impl.Promise.$anonfun$transform$1(Promise.scala:29)
	at scala.concurrent.impl.CallbackRunnable.run(Promise.scala:60)
	at org.scalatest.concurrent.SerialExecutionContext.recRunNow(SerialExecutionContext.scala:120)
	at org.scalatest.concurrent.SerialExecutionContext.runNow(SerialExecutionContext.scala:111)
	at org.scalatest.AsyncSuperEngine.runTestImpl(AsyncEngine.scala:295)
	at org.scalatest.AsyncFlatSpecLike.runTest(AsyncFlatSpecLike.scala:1709)
	at org.scalatest.AsyncFlatSpecLike.runTest$(AsyncFlatSpecLike.scala:1689)
	at org.scalatest.AsyncFlatSpec.runTest(AsyncFlatSpec.scala:2219)
	at org.scalatest.AsyncFlatSpecLike.$anonfun$runTests$1(AsyncFlatSpecLike.scala:1767)
	at org.scalatest.AsyncSuperEngine.$anonfun$runTestsInBranch$2(AsyncEngine.scala:437)
	at org.scalatest.Status.$anonfun$thenRun$1(Status.scala:225)
	at org.scalatest.Status.$anonfun$thenRun$1$adapted(Status.scala:223)
	at org.scalatest.ScalaTestStatefulStatus.whenCompleted(Status.scala:607)
	at org.scalatest.Status.thenRun(Status.scala:223)
	at org.scalatest.Status.thenRun$(Status.scala:221)
	at org.scalatest.ScalaTestStatefulStatus.thenRun(Status.scala:503)
	at org.scalatest.AsyncSuperEngine.$anonfun$runTestsInBranch$1(AsyncEngine.scala:437)
	at scala.collection.LinearSeqOptimized.foldLeft(LinearSeqOptimized.scala:122)
	at scala.collection.LinearSeqOptimized.foldLeft$(LinearSeqOptimized.scala:118)
	at scala.collection.immutable.List.foldLeft(List.scala:86)
	at org.scalatest.AsyncSuperEngine.traverseSubNodes$1(AsyncEngine.scala:419)
	at org.scalatest.AsyncSuperEngine.runTestsInBranch(AsyncEngine.scala:475)
	at org.scalatest.AsyncSuperEngine.$anonfun$runTestsInBranch$1(AsyncEngine.scala:460)
	at scala.collection.LinearSeqOptimized.foldLeft(LinearSeqOptimized.scala:122)
	at scala.collection.LinearSeqOptimized.foldLeft$(LinearSeqOptimized.scala:118)
	at scala.collection.immutable.List.foldLeft(List.scala:86)
	at org.scalatest.AsyncSuperEngine.traverseSubNodes$1(AsyncEngine.scala:419)
	at org.scalatest.AsyncSuperEngine.runTestsInBranch(AsyncEngine.scala:483)
	at org.scalatest.AsyncSuperEngine.runTestsImpl(AsyncEngine.scala:550)
	at org.scalatest.AsyncFlatSpecLike.runTests(AsyncFlatSpecLike.scala:1767)
	at org.scalatest.AsyncFlatSpecLike.runTests$(AsyncFlatSpecLike.scala:1766)
	at org.scalatest.AsyncFlatSpec.runTests(AsyncFlatSpec.scala:2219)
	at org.scalatest.Suite.run(Suite.scala:1147)
	at org.scalatest.Suite.run$(Suite.scala:1129)
	at org.scalatest.AsyncFlatSpec.org$scalatest$AsyncFlatSpecLike$$super$run(AsyncFlatSpec.scala:2219)
	at org.scalatest.AsyncFlatSpecLike.$anonfun$run$1(AsyncFlatSpecLike.scala:1812)
	at org.scalatest.AsyncSuperEngine.runImpl(AsyncEngine.scala:620)
	at org.scalatest.AsyncFlatSpecLike.run(AsyncFlatSpecLike.scala:1812)
	at org.scalatest.AsyncFlatSpecLike.run$(AsyncFlatSpecLike.scala:1810)
	at org.scalatest.AsyncFlatSpec.run(AsyncFlatSpec.scala:2219)
	at org.scalatest.tools.Framework.org$scalatest$tools$Framework$$runSuite(Framework.scala:314)
	at org.scalatest.tools.Framework$ScalaTestTask.execute(Framework.scala:507)
	at sbt.TestRunner.runTest$1(TestFramework.scala:76)
	at sbt.TestRunner.run(TestFramework.scala:85)
	at sbt.TestFramework$$anon$2$$anonfun$$init$$1$$anonfun$apply$8.apply(TestFramework.scala:202)
	at sbt.TestFramework$$anon$2$$anonfun$$init$$1$$anonfun$apply$8.apply(TestFramework.scala:202)
	at sbt.TestFramework$.sbt$TestFramework$$withContextLoader(TestFramework.scala:185)
	at sbt.TestFramework$$anon$2$$anonfun$$init$$1.apply(TestFramework.scala:202)
	at sbt.TestFramework$$anon$2$$anonfun$$init$$1.apply(TestFramework.scala:202)
	at sbt.TestFunction.apply(TestFramework.scala:207)
	at sbt.Tests$$anonfun$9.apply(Tests.scala:216)
	at sbt.Tests$$anonfun$9.apply(Tests.scala:216)
	at sbt.std.Transform$$anon$3$$anonfun$apply$2.apply(System.scala:44)
	at sbt.std.Transform$$anon$3$$anonfun$apply$2.apply(System.scala:44)
	at sbt.std.Transform$$anon$4.work(System.scala:63)
	at sbt.Execute$$anonfun$submit$1$$anonfun$apply$1.apply(Execute.scala:228)
	at sbt.Execute$$anonfun$submit$1$$anonfun$apply$1.apply(Execute.scala:228)
	at sbt.ErrorHandling$.wideConvert(ErrorHandling.scala:17)
	at sbt.Execute.work(Execute.scala:237)
	at sbt.Execute$$anonfun$submit$1.apply(Execute.scala:228)
	at sbt.Execute$$anonfun$submit$1.apply(Execute.scala:228)
	at sbt.ConcurrentRestrictions$$anon$4$$anonfun$1.apply(ConcurrentRestrictions.scala:159)
	at sbt.CompletionService$$anon$2.call(CompletionService.scala:28)
	at java.util.concurrent.FutureTask.run(Unknown Source)
	at java.util.concurrent.Executors$RunnableAdapter.call(Unknown Source)
	at java.util.concurrent.FutureTask.run(Unknown Source)
	at java.util.concurrent.ThreadPoolExecutor.runWorker(Unknown Source)
	at java.util.concurrent.ThreadPoolExecutor$Worker.run(Unknown Source)
	at java.lang.Thread.run(Unknown Source)
</failure>
                                               </testcase>
                     <system-out></system-out>
                     <system-err></system-err>
                   </testsuite>