<?xml version='1.0' encoding='UTF-8'?>
<testsuite hostname="Work-PC" name="ValidateWalletSchemas" tests="1" errors="0" failures="0" skipped="0" time="0.032">
                     <properties>
[...]
</properties>
                     <testcase classname="ValidateWalletSchemas" name="WalletAPI should have all required methods" time="0.032">
                                                 
                                               </testcase>
                     <system-out></system-out>
                     <system-err></system-err>
                   </testsuite>